Using pre-set license
Built from '2020.3/staging' branch; Version is '2020.3.18f1 (a7d1c678663c) revision 10998214'; Using compiler version '192528614'; Build Type 'Release'
OS: 'Windows 10 Pro; OS build 19042.1348; Version 2009; 64bit' Language: 'es' Physical Memory: 32674 MB
BatchMode: 1, IsHumanControllingUs: 0, StartBugReporterOnCrash: 0, Is64bit: 1, IsPro: 0

COMMAND LINE ARGUMENTS:
C:\Program Files\Unity\Hub\Editor\2020.3.18f1\Editor\Unity.exe
-adb2
-batchMode
-noUpm
-name
AssetImportWorker0
-projectPath
C:/Users/Ricardo Aramburo/Desktop/Pollitos/ChickenRun/ChickenRun
-logFile
Logs/AssetImportWorker0.log
-srvPort
60698
Successfully changed project path to: C:/Users/Ricardo Aramburo/Desktop/Pollitos/ChickenRun/ChickenRun
C:/Users/Ricardo Aramburo/Desktop/Pollitos/ChickenRun/ChickenRun
Using Asset Import Pipeline V2.
Refreshing native plugins compatible for Editor in 45.94 ms, found 2 plugins.
Preloading 0 native plugins for Editor in 0.00 ms.
Initialize engine version: 2020.3.18f1 (a7d1c678663c)
[Subsystems] Discovering subsystems at path C:/Program Files/Unity/Hub/Editor/2020.3.18f1/Editor/Data/Resources/UnitySubsystems
[Subsystems] Discovering subsystems at path C:/Users/Ricardo Aramburo/Desktop/Pollitos/ChickenRun/ChickenRun/Assets
GfxDevice: creating device client; threaded=0
Direct3D:
    Version:  Direct3D 11.0 [level 11.1]
    Renderer: NVIDIA GeForce GTX 1660 SUPER (ID=0x21c4)
    Vendor:   
    VRAM:     5991 MB
    Driver:   27.21.14.5671
Initialize mono
Mono path[0] = 'C:/Program Files/Unity/Hub/Editor/2020.3.18f1/Editor/Data/Managed'
Mono path[1] = 'C:/Program Files/Unity/Hub/Editor/2020.3.18f1/Editor/Data/MonoBleedingEdge/lib/mono/unityjit'
Mono config path = 'C:/Program Files/Unity/Hub/Editor/2020.3.18f1/Editor/Data/MonoBleedingEdge/etc'
Using monoOptions --debugger-agent=transport=dt_socket,embedding=1,server=y,suspend=n,address=127.0.0.1:56976
Begin MonoManager ReloadAssembly
Registering precompiled unity dll's ...
Register platform support module: C:/Program Files/Unity/Hub/Editor/2020.3.18f1/Editor/Data/PlaybackEngines/WindowsStandaloneSupport/UnityEditor.WindowsStandalone.Extensions.dll
Registered in 0.002154 seconds.
Native extension for WindowsStandalone target not found
Refreshing native plugins compatible for Editor in 46.10 ms, found 2 plugins.
Preloading 0 native plugins for Editor in 0.00 ms.
Mono: successfully reloaded assembly
- Completed reload, in  1.694 seconds
Domain Reload Profiling:
	ReloadAssembly (1694ms)
		BeginReloadAssembly (50ms)
			ExecutionOrderSort (0ms)
			DisableScriptedObjects (0ms)
			BackupInstance (0ms)
			ReleaseScriptingObjects (0ms)
			CreateAndSetChildDomain (1ms)
		EndReloadAssembly (400ms)
			LoadAssemblies (48ms)
			RebuildTransferFunctionScriptingTraits (0ms)
			SetupTypeCache (144ms)
			ReleaseScriptCaches (0ms)
			RebuildScriptCaches (28ms)
			SetupLoadedEditorAssemblies (158ms)
				LogAssemblyErrors (0ms)
				InitializePlatformSupportModulesInManaged (4ms)
				SetLoadedEditorAssemblies (0ms)
				RefreshPlugins (46ms)
				BeforeProcessingInitializeOnLoad (8ms)
				ProcessInitializeOnLoadAttributes (74ms)
				ProcessInitializeOnLoadMethodAttributes (26ms)
				AfterProcessingInitializeOnLoad (0ms)
				EditorAssembliesLoaded (0ms)
			ExecutionOrderSort2 (0ms)
			AwakeInstancesAfterBackupRestoration (0ms)
Platform modules already initialized, skipping
Registering precompiled user dll's ...
Registered in 0.003683 seconds.
Begin MonoManager ReloadAssembly
Native extension for WindowsStandalone target not found
Refreshing native plugins compatible for Editor in 53.62 ms, found 2 plugins.
Preloading 0 native plugins for Editor in 0.00 ms.
Mono: successfully reloaded assembly
- Completed reload, in  1.015 seconds
Domain Reload Profiling:
	ReloadAssembly (1016ms)
		BeginReloadAssembly (129ms)
			ExecutionOrderSort (0ms)
			DisableScriptedObjects (4ms)
			BackupInstance (0ms)
			ReleaseScriptingObjects (0ms)
			CreateAndSetChildDomain (16ms)
		EndReloadAssembly (830ms)
			LoadAssemblies (82ms)
			RebuildTransferFunctionScriptingTraits (0ms)
			SetupTypeCache (276ms)
			ReleaseScriptCaches (1ms)
			RebuildScriptCaches (44ms)
			SetupLoadedEditorAssemblies (318ms)
				LogAssemblyErrors (0ms)
				InitializePlatformSupportModulesInManaged (4ms)
				SetLoadedEditorAssemblies (0ms)
				RefreshPlugins (54ms)
				BeforeProcessingInitializeOnLoad (71ms)
				ProcessInitializeOnLoadAttributes (178ms)
				ProcessInitializeOnLoadMethodAttributes (4ms)
				AfterProcessingInitializeOnLoad (6ms)
				EditorAssembliesLoaded (0ms)
			ExecutionOrderSort2 (0ms)
			AwakeInstancesAfterBackupRestoration (6ms)
Platform modules already initialized, skipping
========================================================================
Worker process is ready to serve import requests
Launched and connected shader compiler UnityShaderCompiler.exe after 0.06 seconds
Refreshing native plugins compatible for Editor in 0.48 ms, found 2 plugins.
Preloading 0 native plugins for Editor in 0.00 ms.
Unloading 2742 Unused Serialized files (Serialized files now loaded: 0)
System memory in use before: 136.1 MB.
System memory in use after: 136.3 MB.

Unloading 16 unused Assets to reduce memory usage. Loaded Objects now: 3196.
Total: 3.155800 ms (FindLiveObjects: 0.230000 ms CreateObjectMapping: 0.127100 ms MarkObjects: 2.777800 ms  DeleteObjects: 0.020100 ms)

AssetImportParameters requested are different than current active one (requested -> active):
  custom:framework-win-MediaFoundation: 216162199b28c13a410421893ffa2e32 -> 
  custom:video-decoder-ogg-theora: a1e56fd34408186e4bbccfd4996cb3dc -> 
  custom:container-muxer-webm: aa71ff27fc2769a1b78a27578f13a17b -> 
  custom:container-demuxer-webm: 4f35f7cbe854078d1ac9338744f61a02 -> 
  custom:container-demuxer-ogg: 62fdf1f143b41e24485cea50d1cbac27 -> 
  custom:video-encoder-webm-vp8: eb34c28f22e8b96e1ab97ce403110664 -> 
  custom:video-decoder-webm-vp8: 9c59270c3fd7afecdb556c50c9e8de78 -> 
  custom:audio-decoder-ogg-vorbis: bf7c407c2cedff20999df2af8eb42d56 -> 
  custom:audio-encoder-webm-vorbis: bf7c407c2cedff20999df2af8eb42d56 -> 
========================================================================
Received Import Request.
  path: Assets/Scenes/SampleScene.unity
  artifactKey: Guid(9fc0d4010bbf28b4594072e72b8655ab) Importer(815301076,1909f56bfc062723c751e8b465ee728b)
Start importing Assets/Scenes/SampleScene.unity using Guid(9fc0d4010bbf28b4594072e72b8655ab) Importer(815301076,1909f56bfc062723c751e8b465ee728b)  -> (artifact id: 'c9311da968f37c3683f9ef5bc98e7c6f') in 0.016991 seconds 
  Import took 0.020862 seconds .

========================================================================
Received Import Request.
  Time since last request: 69.778065 seconds.
  path: Assets/Modelos/nuevos modelos/canicas_2_uvs.obj
  artifactKey: Guid(8a6834c22d0d2c142bea1ac87d06e873) Importer(815301076,1909f56bfc062723c751e8b465ee728b)
Start importing Assets/Modelos/nuevos modelos/canicas_2_uvs.obj using Guid(8a6834c22d0d2c142bea1ac87d06e873) Importer(815301076,1909f56bfc062723c751e8b465ee728b)  -> (artifact id: '9abdf337a33fa18ceadc3134b80e3009') in 0.476804 seconds 
  Import took 0.481450 seconds .

========================================================================
Received Import Request.
  Time since last request: 116.418684 seconds.
  path: Assets/Modelos/nuevos modelos/luces_2_uvs.obj
  artifactKey: Guid(f8755d9be8ec73b4c9684131eac86078) Importer(815301076,1909f56bfc062723c751e8b465ee728b)
Start importing Assets/Modelos/nuevos modelos/luces_2_uvs.obj using Guid(f8755d9be8ec73b4c9684131eac86078) Importer(815301076,1909f56bfc062723c751e8b465ee728b)  -> (artifact id: 'f84de725acd11228eb91368f7bb535a9') in 0.132975 seconds 
  Import took 0.137470 seconds .

========================================================================
Received Import Request.
  Time since last request: 4.163077 seconds.
  path: Assets/Modelos/nuevos modelos/basico_2_uvs.obj
  artifactKey: Guid(cce9442e57566b842a90d4ef73fe3a1f) Importer(815301076,1909f56bfc062723c751e8b465ee728b)
Start importing Assets/Modelos/nuevos modelos/basico_2_uvs.obj using Guid(cce9442e57566b842a90d4ef73fe3a1f) Importer(815301076,1909f56bfc062723c751e8b465ee728b)  -> (artifact id: '5dc17b74cd28d701c629fb7c7e4bbc0b') in 0.076237 seconds 
  Import took 0.081139 seconds .

========================================================================
Received Import Request.
  Time since last request: 5.863180 seconds.
  path: Assets/Modelos/nuevos modelos/gorditas_2_uvs.obj
  artifactKey: Guid(023c7552744e674419c0d9b2ac643a4d) Importer(815301076,1909f56bfc062723c751e8b465ee728b)
Start importing Assets/Modelos/nuevos modelos/gorditas_2_uvs.obj using Guid(023c7552744e674419c0d9b2ac643a4d) Importer(815301076,1909f56bfc062723c751e8b465ee728b)  -> (artifact id: '8a23dcff6fd644815f82d5ab1d72ab42') in 0.195456 seconds 
  Import took 0.199554 seconds .

========================================================================
Received Import Request.
  Time since last request: 5.112673 seconds.
  path: Assets/Modelos/nuevos modelos/miel_2_uvs.obj
  artifactKey: Guid(a6ca8bc17b226824ca2ff7d27c54d2b1) Importer(815301076,1909f56bfc062723c751e8b465ee728b)
Start importing Assets/Modelos/nuevos modelos/miel_2_uvs.obj using Guid(a6ca8bc17b226824ca2ff7d27c54d2b1) Importer(815301076,1909f56bfc062723c751e8b465ee728b)  -> (artifact id: 'd0a5413b86aae79fdfdab21227c17c11') in 0.150742 seconds 
  Import took 0.154969 seconds .

========================================================================
Received Import Request.
  Time since last request: 7.961219 seconds.
  path: Assets/Modelos/nuevos modelos/peces_2_uvs.obj
  artifactKey: Guid(752571c8dffc7d642ac754bb116e04b9) Importer(815301076,1909f56bfc062723c751e8b465ee728b)
Start importing Assets/Modelos/nuevos modelos/peces_2_uvs.obj using Guid(752571c8dffc7d642ac754bb116e04b9) Importer(815301076,1909f56bfc062723c751e8b465ee728b)  -> (artifact id: '9a8095944a5926dac4db3ab96da12344') in 0.136300 seconds 
  Import took 0.140559 seconds .

========================================================================
Received Import Request.
  Time since last request: 8.174893 seconds.
  path: Assets/Modelos/nuevos modelos/tarot_2_uvs.obj
  artifactKey: Guid(44529cf5ae60da842aef319daf56d76d) Importer(815301076,1909f56bfc062723c751e8b465ee728b)
Start importing Assets/Modelos/nuevos modelos/tarot_2_uvs.obj using Guid(44529cf5ae60da842aef319daf56d76d) Importer(815301076,1909f56bfc062723c751e8b465ee728b)  -> (artifact id: '35ffbcd2d5f101572d0838f1dacf5715') in 0.074848 seconds 
  Import took 0.079017 seconds .

========================================================================
Received Import Request.
  Time since last request: 4.666544 seconds.
  path: Assets/Modelos/nuevos modelos/tejuino_2_uvs.obj
  artifactKey: Guid(fd03b02af96129c47aa08302a73c7f18) Importer(815301076,1909f56bfc062723c751e8b465ee728b)
Start importing Assets/Modelos/nuevos modelos/tejuino_2_uvs.obj using Guid(fd03b02af96129c47aa08302a73c7f18) Importer(815301076,1909f56bfc062723c751e8b465ee728b)  -> (artifact id: '76ac4e21cee279c6cc714c0251800ed0') in 0.258778 seconds 
  Import took 0.263192 seconds .

========================================================================
Received Prepare
Registering precompiled user dll's ...
Registered in 0.003671 seconds.
Begin MonoManager ReloadAssembly
Native extension for WindowsStandalone target not found
Refreshing native plugins compatible for Editor in 0.45 ms, found 2 plugins.
Preloading 0 native plugins for Editor in 0.00 ms.
Mono: successfully reloaded assembly
- Completed reload, in  1.002 seconds
Domain Reload Profiling:
	ReloadAssembly (1003ms)
		BeginReloadAssembly (116ms)
			ExecutionOrderSort (0ms)
			DisableScriptedObjects (6ms)
			BackupInstance (0ms)
			ReleaseScriptingObjects (0ms)
			CreateAndSetChildDomain (34ms)
		EndReloadAssembly (830ms)
			LoadAssemblies (81ms)
			RebuildTransferFunctionScriptingTraits (0ms)
			SetupTypeCache (284ms)
			ReleaseScriptCaches (1ms)
			RebuildScriptCaches (49ms)
			SetupLoadedEditorAssemblies (271ms)
				LogAssemblyErrors (0ms)
				InitializePlatformSupportModulesInManaged (4ms)
				SetLoadedEditorAssemblies (0ms)
				RefreshPlugins (1ms)
				BeforeProcessingInitializeOnLoad (60ms)
				ProcessInitializeOnLoadAttributes (195ms)
				ProcessInitializeOnLoadMethodAttributes (4ms)
				AfterProcessingInitializeOnLoad (6ms)
				EditorAssembliesLoaded (0ms)
			ExecutionOrderSort2 (0ms)
			AwakeInstancesAfterBackupRestoration (14ms)
Platform modules already initialized, skipping
Switching build target platform(19) subTarget(0) extendedPlatform(0) -> platform(13) subTarget(537395200) extendedPlatform(0)
Refreshing native plugins compatible for Editor in 0.52 ms, found 2 plugins.
Preloading 0 native plugins for Editor in 0.00 ms.
Unloading 2636 Unused Serialized files (Serialized files now loaded: 0)
System memory in use before: 134.6 MB.
System memory in use after: 134.8 MB.

Unloading 12 unused Assets to reduce memory usage. Loaded Objects now: 3279.
Total: 3.084200 ms (FindLiveObjects: 0.216900 ms CreateObjectMapping: 0.103400 ms MarkObjects: 2.746600 ms  DeleteObjects: 0.016600 ms)

AssetImportParameters requested are different than current active one (requested -> active):
  custom:framework-win-MediaFoundation: 216162199b28c13a410421893ffa2e32 -> 
  custom:video-decoder-ogg-theora: a1e56fd34408186e4bbccfd4996cb3dc -> 
  custom:container-muxer-webm: aa71ff27fc2769a1b78a27578f13a17b -> 
  custom:container-demuxer-webm: 4f35f7cbe854078d1ac9338744f61a02 -> 
  custom:container-demuxer-ogg: 62fdf1f143b41e24485cea50d1cbac27 -> 
  custom:video-encoder-webm-vp8: eb34c28f22e8b96e1ab97ce403110664 -> 
  custom:video-decoder-webm-vp8: 9c59270c3fd7afecdb556c50c9e8de78 -> 
  custom:graphics/normal-map-encoding: 01000000000000000000000000000000 -> 02000000000000000000000000000000
  custom:audio-decoder-ogg-vorbis: bf7c407c2cedff20999df2af8eb42d56 -> 
  custom:audio-encoder-webm-vorbis: bf7c407c2cedff20999df2af8eb42d56 -> 
AssetImportWorkerClient::OnTransportError - code=2 error=End of file
